<?xml version="1.0" encoding="UTF-8"?>
<testng-results ignored="0" total="1" passed="1" failed="0" skipped="0">
  <reporter-output>
  </reporter-output>
  <suite started-at="2022-09-20T12:52:06 IST" name="Default suite" finished-at="2022-09-20T12:52:22 IST" duration-ms="16244">
    <groups>
    </groups>
    <test started-at="2022-09-20T12:52:06 IST" name="Default test" finished-at="2022-09-20T12:52:22 IST" duration-ms="16244">
      <class name="selenium.Phone">
        <test-method signature="redmiPhone()[pri:0, instance:selenium.Phone@cad498c]" started-at="2022-09-20T12:52:06 IST" name="redmiPhone" finished-at="2022-09-20T12:52:22 IST" duration-ms="16148" status="PASS">
          <reporter-output>
          </reporter-output>
        </test-method> <!-- redmiPhone -->
      </class> <!-- selenium.Phone -->
    </test> <!-- Default test -->
  </suite> <!-- Default suite -->
</testng-results>
